[debug] [2024-06-20T07:39:16.769Z] ----------------------------------------------------------------------
[debug] [2024-06-20T07:39:16.771Z] Command:       /Users/macbook/.nvm/versions/node/v18.19.0/bin/node /Users/macbook/.nvm/versions/node/v18.19.0/bin/firebase init
[debug] [2024-06-20T07:39:16.771Z] CLI Version:   13.11.2
[debug] [2024-06-20T07:39:16.772Z] Platform:      darwin
[debug] [2024-06-20T07:39:16.772Z] Node Version:  v18.19.0
[debug] [2024-06-20T07:39:16.773Z] Time:          Thu Jun 20 2024 08:39:16 GMT+0100 (West Africa Standard Time)
[debug] [2024-06-20T07:39:16.773Z] ----------------------------------------------------------------------
[debug] 
[debug] [2024-06-20T07:39:16.776Z] >>> [apiv2][query] GET https://firebase-public.firebaseio.com/cli.json [none]
[debug] [2024-06-20T07:39:16.823Z] > command requires scopes: ["email","openid","https://www.googleapis.com/auth/cloudplatformprojects.readonly","https://www.googleapis.com/auth/firebase","https://www.googleapis.com/auth/cloud-platform"]
[debug] [2024-06-20T07:39:16.824Z] > authorizing via signed-in user (thevetdoctor@gmail.com)
[info] 
     ######## #### ########  ######## ########     ###     ######  ########
     ##        ##  ##     ## ##       ##     ##  ##   ##  ##       ##
     ######    ##  ########  ######   ########  #########  ######  ######
     ##        ##  ##    ##  ##       ##     ## ##     ##       ## ##
     ##       #### ##     ## ######## ########  ##     ##  ######  ########

You're about to initialize a Firebase project in this directory:

  /Users/macbook/Desktop/crises

[debug] [2024-06-20T07:39:18.676Z] <<< [apiv2][status] GET https://firebase-public.firebaseio.com/cli.json 200
[debug] [2024-06-20T07:39:18.677Z] <<< [apiv2][body] GET https://firebase-public.firebaseio.com/cli.json {"cloudBuildErrorAfter":1594252800000,"cloudBuildWarnAfter":1590019200000,"defaultNode10After":1594252800000,"minVersion":"3.0.5","node8DeploysDisabledAfter":1613390400000,"node8RuntimeDisabledAfter":1615809600000,"node8WarnAfter":1600128000000}
[info] 
=== Project Setup
[info] 
[info] First, let's associate this project directory with a Firebase project.
[info] You can create multiple project aliases by running firebase use --add, 
[info] but for now we'll just set up a default project.
[info] 
[debug] [2024-06-20T07:39:41.134Z] > refreshing access token with scopes: []
[debug] [2024-06-20T07:39:41.136Z] >>> [apiv2][query] POST https://www.googleapis.com/oauth2/v3/token [none]
[debug] [2024-06-20T07:39:41.136Z] >>> [apiv2][body] POST https://www.googleapis.com/oauth2/v3/token [omitted]
[debug] [2024-06-20T07:39:42.290Z] <<< [apiv2][status] POST https://www.googleapis.com/oauth2/v3/token 200
[debug] [2024-06-20T07:39:42.290Z] <<< [apiv2][body] POST https://www.googleapis.com/oauth2/v3/token [omitted]
[debug] [2024-06-20T07:39:42.335Z] >>> [apiv2][query] GET https://firebase.googleapis.com/v1beta1/projects pageSize=100
[debug] [2024-06-20T07:39:43.812Z] <<< [apiv2][status] GET https://firebase.googleapis.com/v1beta1/projects 200
[debug] [2024-06-20T07:39:43.812Z] <<< [apiv2][body] GET https://firebase.googleapis.com/v1beta1/projects [omitted]
[info] i  Using project oba-dce9d (oba amazon) 
[info] 
=== Hosting Setup
[debug] [2024-06-20T07:39:59.667Z] >>> [apiv2][query] GET https://firebase.googleapis.com/v1beta1/projects/oba-dce9d [none]
[debug] [2024-06-20T07:40:01.220Z] <<< [apiv2][status] GET https://firebase.googleapis.com/v1beta1/projects/oba-dce9d 200
[debug] [2024-06-20T07:40:01.220Z] <<< [apiv2][body] GET https://firebase.googleapis.com/v1beta1/projects/oba-dce9d {"projectId":"oba-dce9d","projectNumber":"865349714041","displayName":"oba amazon","name":"projects/oba-dce9d","resources":{"hostingSite":"oba-dce9d","realtimeDatabaseInstance":"oba-dce9d","storageBucket":"oba-dce9d.appspot.com","locationId":"us-central"},"state":"ACTIVE","etag":"1_635dd208-9a84-4c75-9f7f-4c4c9a21fec3"}
[info] 
[info] Your public directory is the folder (relative to your project directory) that
[info] will contain Hosting assets to be uploaded with firebase deploy. If you
[info] have a build process for your assets, use your build's output directory.
[info] 
[debug] [2024-06-20T07:40:17.315Z] >>> [apiv2][query] GET https://www.gstatic.com/firebasejs/releases.json [none]
[debug] [2024-06-20T07:40:18.523Z] <<< [apiv2][status] GET https://www.gstatic.com/firebasejs/releases.json 200
[debug] [2024-06-20T07:40:18.523Z] <<< [apiv2][body] GET https://www.gstatic.com/firebasejs/releases.json {"current":{"version":"10.12.2","browserURL":"https://www.gstatic.com/firebasejs/10.12.2/firebase.js","packageURL":"https://www.gstatic.com/firebasejs/10.12.2/firebase.tgz"},"live":{"version":"10.12","browserURL":"https://www.gstatic.com/firebasejs/live/10.12/firebase.js","packageURL":"https://www.gstatic.com/firebasejs/live/10.12/firebase.tgz"},"components":{"analytics":"https://www.gstatic.com/firebasejs/10.12.2/firebase-analytics.js","app":"https://www.gstatic.com/firebasejs/10.12.2/firebase-app.js","app-check":"https://www.gstatic.com/firebasejs/10.12.2/firebase-app-check.js","auth":"https://www.gstatic.com/firebasejs/10.12.2/firebase-auth.js","auth/cordova":"https://www.gstatic.com/firebasejs/10.12.2/firebase-auth/cordova.js","auth/web-extension":"https://www.gstatic.com/firebasejs/10.12.2/firebase-auth/web-extension.js","functions":"https://www.gstatic.com/firebasejs/10.12.2/firebase-functions.js","firestore":"https://www.gstatic.com/firebasejs/10.12.2/firebase-firestore.js","firestore/lite":"https://www.gstatic.com/firebasejs/10.12.2/firebase-firestore/lite.js","installations":"https://www.gstatic.com/firebasejs/10.12.2/firebase-installations.js","storage":"https://www.gstatic.com/firebasejs/10.12.2/firebase-storage.js","performance":"https://www.gstatic.com/firebasejs/10.12.2/firebase-performance.js","remote-config":"https://www.gstatic.com/firebasejs/10.12.2/firebase-remote-config.js","messaging":"https://www.gstatic.com/firebasejs/10.12.2/firebase-messaging.js","messaging/sw":"https://www.gstatic.com/firebasejs/10.12.2/firebase-messaging/sw.js","database":"https://www.gstatic.com/firebasejs/10.12.2/firebase-database.js","vertexai-preview":"https://www.gstatic.com/firebasejs/10.12.2/firebase-vertexai-preview.js","firestore.memory":"https://www.gstatic.com/firebasejs/10.12.2/firebase-firestore.memory.js"}}
[info] i  Skipping write of public/index.html 
[info] 
[info] i  Detected a .git folder at /Users/macbook/Desktop/crises 
[info] i  Authorizing with GitHub to upload your service account to a GitHub repository's secrets store. 
[info] 
[info] Visit this URL on this device to log in:
[info] https://github.com/login/oauth/authorize?client_id=89cf50f02ac6aaed3484&state=86090723&redirect_uri=http%3A%2F%2Flocalhost%3A9005&scope=read%3Auser%20repo%20public_repo
[info] 
[info] Waiting for authentication...
[debug] [2024-06-20T07:41:16.191Z] >>> [apiv2][query] POST https://github.com/login/oauth/access_token [none]
[debug] [2024-06-20T07:41:16.222Z] >>> [apiv2][body] POST https://github.com/login/oauth/access_token [stream]
[debug] [2024-06-20T07:41:17.255Z] <<< [apiv2][status] POST https://github.com/login/oauth/access_token 200
[debug] [2024-06-20T07:41:17.257Z] <<< [apiv2][body] POST https://github.com/login/oauth/access_token {"access_token":"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","token_type":"bearer","scope":"read:user,repo"}
[debug] [2024-06-20T07:41:17.399Z] >>> [apiv2][query] GET https://api.github.com/user [none]
[debug] [2024-06-20T07:41:18.421Z] <<< [apiv2][status] GET https://api.github.com/user 200
[debug] [2024-06-20T07:41:18.423Z] <<< [apiv2][body] GET https://api.github.com/user {"login":"thevetdoctor","id":13197630,"node_id":"MDQ6VXNlcjEzMTk3NjMw","avatar_url":"https://avatars.githubusercontent.com/u/13197630?v=4","gravatar_id":"","url":"https://api.github.com/users/thevetdoctor","html_url":"https://github.com/thevetdoctor","followers_url":"https://api.github.com/users/thevetdoctor/followers","following_url":"https://api.github.com/users/thevetdoctor/following{/other_user}","gists_url":"https://api.github.com/users/thevetdoctor/gists{/gist_id}","starred_url":"https://api.github.com/users/thevetdoctor/starred{/owner}{/repo}","subscriptions_url":"https://api.github.com/users/thevetdoctor/subscriptions","organizations_url":"https://api.github.com/users/thevetdoctor/orgs","repos_url":"https://api.github.com/users/thevetdoctor/repos","events_url":"https://api.github.com/users/thevetdoctor/events{/privacy}","received_events_url":"https://api.github.com/users/thevetdoctor/received_events","type":"User","site_admin":false,"name":"Obafemi","company":"Animalworld NG","blog":"https://www.linkedin.com/in/obafemi-oderanti","location":"Nigeria","email":"thevetdoctor@gmail.com","hireable":true,"bio":"Fullstack Software Engineer: Andela > Facebook > Google > Enye > Scello > BuildMyHouseAfrica > Symphony > Innovantics > HeliumHealth:\r\nI love building solutions","twitter_username":"animalworldng","public_repos":197,"public_gists":1,"followers":44,"following":170,"created_at":"2015-07-06T09:22:53Z","updated_at":"2024-06-14T16:07:24Z","private_gists":2,"total_private_repos":33,"owned_private_repos":33,"disk_usage":541743,"collaborators":8,"two_factor_authentication":true,"plan":{"name":"free","space":976562499,"collaborators":0,"private_repos":10000}}
[info] 
[info] ✔  Success! Logged into GitHub as thevetdoctor 
[info] 
